Train Error    5.29550 Test Error    0.56524 Class Error   41.17647%
GENETIC STEP[   1]=                   0    0.56524          41.17647059% (45.0)*sig((-0.70)*x7+(-3.30))+(-7.8131)*sig((-8.1697)*x7+(-3.2)*x3+(6.61))
Train Error    4.33118 Test Error    0.44501 Class Error   11.76471%
GENETIC STEP[   2]=                   0    0.44501          11.76470588% (30.4)*sig((-0.69)*x7+(-3.04))+(4.360)*sig((-4.0)*x12+(2.692830))+(7.0)*sig((9.93)*x7+(3.6)*x11+(-56.4))
Train Error    4.98266 Test Error    0.56037 Class Error   11.76471%
GENETIC STEP[   3]=                   0    0.56037          11.76470588% (43.3)*sig((-0.70)*x7+(-3.34))+(7.11)*sig((1.83)*x7+(-7.0)*x12+(3.9))
Train Error    3.81254 Test Error    0.62269 Class Error   11.76471%
GENETIC STEP[   4]=                   0    0.62269          11.76470588% (44.7)*sig((-0.70)*x7+(-3.39))+(-37.6)*sig((-0.4)*x4+(-0.2))+(15.844)*sig((-3.0)*x12+(-0.13))
Train Error    3.30128 Test Error    0.53001 Class Error   35.29412%
GENETIC STEP[   5]=                   0    0.53001          35.29411765% (49.4)*sig((-0.60)*x7+(-3.32))+(0.41)*sig((0.830080)*x12+(849.4))+(-0.60)*sig((-3.32)*x7+(1.8)*x10+(4.1))
Train Error    3.57212 Test Error    0.54501 Class Error   17.64706%
GENETIC STEP[   6]=                   0    0.54501          17.64705882% (40.5)*sig((-0.70)*x7+(-3.31))+(-7.0)*sig((-1.0)*x4+(8.096))+(3.440)*sig((-5.0)*x11+(-0.13))
Train Error    3.44244 Test Error    0.40276 Class Error   11.76471%
GENETIC STEP[   7]=                   0    0.40276          11.76470588% (43.9)*sig((-0.96)*x7+(-3.48))+(7.3)*sig((-1.0)*x1+(8.3))+(696.843)*sig((-3.0)*x11+(-6.1))
Train Error    2.93379 Test Error    0.51584 Class Error   17.64706%
GENETIC STEP[   8]=                   0    0.51584          17.64705882% (40.3)*sig((-0.78)*x7+(-3.40))+(5.2)*sig((-2.1)*x12+(0.27))+(0.3)*sig((40.3)*x7+(9.89)*x6+(-40.05)*x10+(9.2))
Train Error    5.15520 Test Error    0.62681 Class Error   17.64706%
GENETIC STEP[   9]=                   0    0.62681          17.64705882% (0.99999)*sig((-1.96)*x7+(3.772))+(-1.8)*sig((-19.3)*x9+(6.60))
Train Error    3.28767 Test Error    0.35334 Class Error    5.88235%
GENETIC STEP[  10]=                   0    0.35334          5.882352941% (38.0)*sig((-0.79)*x7+(-3.28))+(310.5)*sig((-1.4)*x1+(8.984038))+(7.0)*sig((-9.13)*x11+(1.7)*x3+(-02.2462))
Train Error    4.54637 Test Error    0.81655 Class Error   23.52941%
GENETIC STEP[  11]=                   0    0.81655          23.52941176% (45.2)*sig((-0.83)*x7+(-3.34))+(3.999)*sig((-1.1)*x1+(9.997845))
Train Error    2.06790 Test Error    0.26221 Class Error   11.76471%
GENETIC STEP[  12]=                   0    0.26221          11.76470588% (44.2)*sig((-0.97)*x7+(-3.58))+(0.3)*sig((-0.012)*x13+(9.965244))+(1.0)*sig((-7.33)*x12+(1.6)*x6+(-9.0)*x11+(12.09))
Train Error    4.36199 Test Error    0.36611 Class Error    5.88235%
GENETIC STEP[  13]=                   0    0.36611          5.882352941% (31.0)*sig((-0.70)*x7+(-3.12))+(779.6)*sig((-5.13)*x11+(-5.03))
