This is pdfTeX, Version 3.141592653-2.6-1.40.24 (TeX Live 2022/Debian) (preloaded format=pdflatex 2022.12.6)  12 DEC 2022 11:09
entering extended mode
 restricted \write18 enabled.
 %&-line parsing enabled.
**pso_rbf.tex
(./pso_rbf.tex
LaTeX2e <2022-06-01> patch level 5
L3 programming layer <2022-08-30>
(/usr/share/texlive/texmf-dist/tex/latex/base/article.cls
Document Class: article 2021/10/04 v1.4n Standard LaTeX document class
(/usr/share/texlive/texmf-dist/tex/latex/base/size10.clo
File: size10.clo 2021/10/04 v1.4n Standard LaTeX file (size option)
)
\c@part=\count185
\c@section=\count186
\c@subsection=\count187
\c@subsubsection=\count188
\c@paragraph=\count189
\c@subparagraph=\count190
\c@figure=\count191
\c@table=\count192
\abovecaptionskip=\skip47
\belowcaptionskip=\skip48
\bibindent=\dimen138
)
(/usr/share/texlive/texmf-dist/tex/latex/base/fontenc.sty
Package: fontenc 2021/04/29 v2.0v Standard LaTeX package
)
(/usr/share/texlive/texmf-dist/tex/latex/base/inputenc.sty
Package: inputenc 2021/02/14 v1.3d Input encoding file
\inpenc@prehook=\toks16
\inpenc@posthook=\toks17

(/usr/share/texlive/texmf-dist/tex/latex/base/latin9.def
File: latin9.def 2021/02/14 v1.3d Input encoding file
))
(/usr/share/texlive/texmf-dist/tex/latex/float/float.sty
Package: float 2001/11/08 v1.3d Float enhancements (AL)
\c@float@type=\count193
\float@exts=\toks18
\float@box=\box51
\@float@everytoks=\toks19
\@floatcapt=\box52
)
(/usr/share/texlive/texmf-dist/tex/latex/url/url.sty
\Urlmuskip=\muskip16
Package: url 2013/09/16  ver 3.4  Verb mode for urls, etc.
)
(/usr/share/texlive/texmf-dist/tex/latex/amsmath/amsmath.sty
Package: amsmath 2022/04/08 v2.17n AMS math features
\@mathmargin=\skip49

For additional information on amsmath, use the `?' option.
(/usr/share/texlive/texmf-dist/tex/latex/amsmath/amstext.sty
Package: amstext 2021/08/26 v2.01 AMS text

(/usr/share/texlive/texmf-dist/tex/latex/amsmath/amsgen.sty
File: amsgen.sty 1999/11/30 v2.0 generic functions
\@emptytoks=\toks20
\ex@=\dimen139
))
(/usr/share/texlive/texmf-dist/tex/latex/amsmath/amsbsy.sty
Package: amsbsy 1999/11/29 v1.2d Bold Symbols
\pmbraise@=\dimen140
)
(/usr/share/texlive/texmf-dist/tex/latex/amsmath/amsopn.sty
Package: amsopn 2022/04/08 v2.04 operator names
)
\inf@bad=\count194
LaTeX Info: Redefining \frac on input line 234.
\uproot@=\count195
\leftroot@=\count196
LaTeX Info: Redefining \overline on input line 399.
LaTeX Info: Redefining \colon on input line 410.
\classnum@=\count197
\DOTSCASE@=\count198
LaTeX Info: Redefining \ldots on input line 496.
LaTeX Info: Redefining \dots on input line 499.
LaTeX Info: Redefining \cdots on input line 620.
\Mathstrutbox@=\box53
\strutbox@=\box54
LaTeX Info: Redefining \big on input line 722.
LaTeX Info: Redefining \Big on input line 723.
LaTeX Info: Redefining \bigg on input line 724.
LaTeX Info: Redefining \Bigg on input line 725.
\big@size=\dimen141
LaTeX Font Info:    Redeclaring font encoding OML on input line 743.
LaTeX Font Info:    Redeclaring font encoding OMS on input line 744.
\macc@depth=\count199
LaTeX Info: Redefining \bmod on input line 905.
LaTeX Info: Redefining \pmod on input line 910.
LaTeX Info: Redefining \smash on input line 940.
LaTeX Info: Redefining \relbar on input line 970.
LaTeX Info: Redefining \Relbar on input line 971.
\c@MaxMatrixCols=\count266
\dotsspace@=\muskip17
\c@parentequation=\count267
\dspbrk@lvl=\count268
\tag@help=\toks21
\row@=\count269
\column@=\count270
\maxfields@=\count271
\andhelp@=\toks22
\eqnshift@=\dimen142
\alignsep@=\dimen143
\tagshift@=\dimen144
\tagwidth@=\dimen145
\totwidth@=\dimen146
\lineht@=\dimen147
\@envbody=\toks23
\multlinegap=\skip50
\multlinetaggap=\skip51
\mathdisplay@stack=\toks24
LaTeX Info: Redefining \[ on input line 2953.
LaTeX Info: Redefining \] on input line 2954.
)
(/usr/share/texlive/texmf-dist/tex/latex/amsfonts/amssymb.sty
Package: amssymb 2013/01/14 v3.01 AMS font symbols

(/usr/share/texlive/texmf-dist/tex/latex/amsfonts/amsfonts.sty
Package: amsfonts 2013/01/14 v3.01 Basic AMSFonts support
\symAMSa=\mathgroup4
\symAMSb=\mathgroup5
LaTeX Font Info:    Redeclaring math symbol \hbar on input line 98.
LaTeX Font Info:    Overwriting math alphabet `\mathfrak' in version `bold'
(Font)                  U/euf/m/n --> U/euf/b/n on input line 106.
))
(/usr/share/texlive/texmf-dist/tex/latex/graphics/graphicx.sty
Package: graphicx 2021/09/16 v1.2d Enhanced LaTeX Graphics (DPC,SPQR)

(/usr/share/texlive/texmf-dist/tex/latex/graphics/keyval.sty
Package: keyval 2022/05/29 v1.15 key=value parser (DPC)
\KV@toks@=\toks25
)
(/usr/share/texlive/texmf-dist/tex/latex/graphics/graphics.sty
Package: graphics 2022/03/10 v1.4e Standard LaTeX Graphics (DPC,SPQR)

(/usr/share/texlive/texmf-dist/tex/latex/graphics/trig.sty
Package: trig 2021/08/11 v1.11 sin cos tan (DPC)
)
(/usr/share/texlive/texmf-dist/tex/latex/graphics-cfg/graphics.cfg
File: graphics.cfg 2016/06/04 v1.11 sample graphics configuration
)
Package graphics Info: Driver file: pdftex.def on input line 107.

(/usr/share/texlive/texmf-dist/tex/latex/graphics-def/pdftex.def
File: pdftex.def 2020/10/05 v1.2a Graphics/color driver for pdftex
))
\Gin@req@height=\dimen148
\Gin@req@width=\dimen149
)
\@float@every@algorithm=\toks26
\c@algorithm=\count272

(/usr/share/texlive/texmf-dist/tex/generic/babel/babel.sty
Package: babel 2022/09/17 3.80 The Babel package
\babel@savecnt=\count273
\U@D=\dimen150
\l@unhyphenated=\language7

(/usr/share/texlive/texmf-dist/tex/generic/babel/txtbabel.def)
\bbl@readstream=\read2
\bbl@dirlevel=\count274

(/usr/share/texlive/texmf-dist/tex/generic/babel-english/english.ldf
Language: english 2017/06/06 v3.3r English support from the babel system
Package babel Info: Hyphen rules for 'british' set to \l@english
(babel)             (\language0). Reported on input line 82.
Package babel Info: Hyphen rules for 'UKenglish' set to \l@english
(babel)             (\language0). Reported on input line 83.
Package babel Info: Hyphen rules for 'canadian' set to \l@english
(babel)             (\language0). Reported on input line 102.
Package babel Info: Hyphen rules for 'australian' set to \l@english
(babel)             (\language0). Reported on input line 105.
Package babel Info: Hyphen rules for 'newzealand' set to \l@english
(babel)             (\language0). Reported on input line 108.
))
(/usr/share/texlive/texmf-dist/tex/generic/babel/locale/en/babel-english.tex
Package babel Info: Importing font and identification data for english
(babel)             from babel-en.ini. Reported on input line 11.
)
(/usr/share/texlive/texmf-dist/tex/latex/l3backend/l3backend-pdftex.def
File: l3backend-pdftex.def 2022-08-30 L3 backend support: PDF output (pdfTeX)
\l__color_backend_stack_int=\count275
\l__pdf_internal_box=\box55
)
(./pso_rbf.aux)
\openout1 = `pso_rbf.aux'.

LaTeX Font Info:    Checking defaults for OML/cmm/m/it on input line 25.
LaTeX Font Info:    ... okay on input line 25.
LaTeX Font Info:    Checking defaults for OMS/cmsy/m/n on input line 25.
LaTeX Font Info:    ... okay on input line 25.
LaTeX Font Info:    Checking defaults for OT1/cmr/m/n on input line 25.
LaTeX Font Info:    ... okay on input line 25.
LaTeX Font Info:    Checking defaults for T1/cmr/m/n on input line 25.
LaTeX Font Info:    ... okay on input line 25.
LaTeX Font Info:    Checking defaults for TS1/cmr/m/n on input line 25.
LaTeX Font Info:    ... okay on input line 25.
LaTeX Font Info:    Checking defaults for OMX/cmex/m/n on input line 25.
LaTeX Font Info:    ... okay on input line 25.
LaTeX Font Info:    Checking defaults for U/cmr/m/n on input line 25.
LaTeX Font Info:    ... okay on input line 25.

(/usr/share/texlive/texmf-dist/tex/context/base/mkii/supp-pdf.mkii
[Loading MPS to PDF converter (version 2006.09.02).]
\scratchcounter=\count276
\scratchdimen=\dimen151
\scratchbox=\box56
\nofMPsegments=\count277
\nofMParguments=\count278
\everyMPshowfont=\toks27
\MPscratchCnt=\count279
\MPscratchDim=\dimen152
\MPnumerator=\count280
\makeMPintoPDFobject=\count281
\everyMPtoPDFconversion=\toks28
) (/usr/share/texlive/texmf-dist/tex/latex/epstopdf-pkg/epstopdf-base.sty
Package: epstopdf-base 2020-01-24 v2.11 Base part for package epstopdf
Package epstopdf-base Info: Redefining graphics rule for `.eps' on input line 4
85.

(/usr/share/texlive/texmf-dist/tex/latex/latexconfig/epstopdf-sys.cfg
File: epstopdf-sys.cfg 2010/07/13 v1.3 Configuration of (r)epstopdf for TeX Liv
e
))
LaTeX Font Info:    Trying to load font information for U+msa on input line 31.


(/usr/share/texlive/texmf-dist/tex/latex/amsfonts/umsa.fd
File: umsa.fd 2013/01/14 v3.01 AMS symbols A
)
LaTeX Font Info:    Trying to load font information for U+msb on input line 31.


(/usr/share/texlive/texmf-dist/tex/latex/amsfonts/umsb.fd
File: umsb.fd 2013/01/14 v3.01 AMS symbols B
) [1

{/var/lib/texmf/fonts/map/pdftex/updmap/pdftex.map}]
Package epstopdf Info: Source file: <gaussian.eps>
(epstopdf)                    date: 2022-12-12 10:46:45
(epstopdf)                    size: 21140 bytes
(epstopdf)             Output file: <gaussian-eps-converted-to.pdf>
(epstopdf)                    date: 2022-12-12 11:09:35
(epstopdf)                    size: 9721 bytes
(epstopdf)             Command: <repstopdf --outfile=gaussian-eps-converted-to.
pdf gaussian.eps>
(epstopdf)             \includegraphics on input line 104.
Package epstopdf Info: Output file is already uptodate.
<gaussian-eps-converted-to.pdf, id=18, 361.35pt x 216.81pt>
File: gaussian-eps-converted-to.pdf Graphic file (type pdf)
<use gaussian-eps-converted-to.pdf>
Package pdftex.def Info: gaussian-eps-converted-to.pdf  used on input line 104.

(pdftex.def)             Requested size: 361.34912pt x 216.80946pt.

Overfull \hbox (16.34912pt too wide) in paragraph at lines 104--105
 [][] 
 []

[2] [3 <./gaussian-eps-converted-to.pdf>] [4] [5] [6]
Overfull \hbox (123.42755pt too wide) in paragraph at lines 331--336
 [][] 
 []


Overfull \hbox (0.1989pt too wide) in paragraph at lines 350--350
[]\T1/cmr/bx/n/12 Optimization of pa-ram-e-ters through ge-netic al-go-rithm 
 []

[7] [8]
LaTeX Font Info:    Trying to load font information for T1+cmtt on input line 4
18.
 (/usr/share/texlive/texmf-dist/tex/latex/base/t1cmtt.fd
File: t1cmtt.fd 2019/12/16 v2.5j Standard LaTeX font definitions
) [9] [10]
[11]
Package epstopdf Info: Source file: <classcomparison.eps>
(epstopdf)                    date: 2022-12-12 10:46:45
(epstopdf)                    size: 462324 bytes
(epstopdf)             Output file: <classcomparison-eps-converted-to.pdf>
(epstopdf)                    date: 2022-12-12 11:09:36
(epstopdf)                    size: 198869 bytes
(epstopdf)             Command: <repstopdf --outfile=classcomparison-eps-conver
ted-to.pdf classcomparison.eps>
(epstopdf)             \includegraphics on input line 711.
Package epstopdf Info: Output file is already uptodate.
<classcomparison-eps-converted-to.pdf, id=62, 439.6425pt x 215.80624pt>
File: classcomparison-eps-converted-to.pdf Graphic file (type pdf)
<use classcomparison-eps-converted-to.pdf>
Package pdftex.def Info: classcomparison-eps-converted-to.pdf  used on input li
ne 711.
(pdftex.def)             Requested size: 307.74765pt x 151.06332pt.
Package epstopdf Info: Source file: <regression_comparison.eps>
(epstopdf)                    date: 2022-12-12 10:46:45
(epstopdf)                    size: 299793 bytes
(epstopdf)             Output file: <regression_comparison-eps-converted-to.pdf
>
(epstopdf)                    date: 2022-12-12 11:09:36
(epstopdf)                    size: 114004 bytes
(epstopdf)             Command: <repstopdf --outfile=regression_comparison-eps-
converted-to.pdf regression_comparison.eps>
(epstopdf)             \includegraphics on input line 717.
Package epstopdf Info: Output file is already uptodate.
<regression_comparison-eps-converted-to.pdf, id=63, 450.68375pt x 214.8025pt>
File: regression_comparison-eps-converted-to.pdf Graphic file (type pdf)
<use regression_comparison-eps-converted-to.pdf>
Package pdftex.def Info: regression_comparison-eps-converted-to.pdf  used on in
put line 717.
(pdftex.def)             Requested size: 315.47646pt x 150.36072pt.
 [12] [13] [14 <./classcomparison-eps-converted-to.pdf>] [15] [16 <./regression
_comparison-eps-converted-to.pdf>] [17] [18] [19] [20] [21] [22] [23]
(./pso_rbf.aux) ) 
Here is how much of TeX's memory you used:
 4241 strings out of 476959
 65418 string characters out of 5826742
 448192 words of memory out of 5000000
 25339 multiletter control sequences out of 15000+600000
 482847 words of font info for 64 fonts, out of 8000000 for 9000
 59 hyphenation exceptions out of 8191
 55i,15n,62p,235b,377s stack positions out of 10000i,1000n,20000p,200000b,200000s
 </home/sheridan/.texlive2022/texmf-var/fonts/pk/ljfour/jknapp
en/ec/ectt1000.600pk> </home/sheridan/.texlive2022/texmf-var/fonts/pk/ljfour/jk
nappen/ec/ecbx1200.600pk> </home/sheridan/.texlive2022/texmf-var/fonts/pk/ljfou
r/jknappen/ec/ecbx1000.600pk> </home/sheridan/.texlive2022/texmf-var/fonts/pk/l
jfour/jknappen/ec/ecrm1000.600pk> </home/sheridan/.texlive2022/texmf-var/fonts/
pk/ljfour/jknappen/ec/ecbx1440.600pk> </home/sheridan/.texlive2022/texmf-var/fo
nts/pk/ljfour/jknappen/ec/ecrm0900.600pk> </home/sheridan/.texlive2022/texmf-va
r/fonts/pk/ljfour/jknappen/ec/ecbx0900.600pk> </home/sheridan/.texlive2022/texm
f-var/fonts/pk/ljfour/jknappen/ec/ecrm1200.600pk> </home/sheridan/.texlive2022/
texmf-var/fonts/pk/ljfour/jknappen/ec/ecrm1728.600pk></usr/share/texlive/texmf-
dist/fonts/type1/public/amsfonts/cm/cmex10.pfb></usr/share/texlive/texmf-dist/f
onts/type1/public/amsfonts/cm/cmmi10.pfb></usr/share/texlive/texmf-dist/fonts/t
ype1/public/amsfonts/cm/cmmi5.pfb></usr/share/texlive/texmf-dist/fonts/type1/pu
blic/amsfonts/cm/cmmi7.pfb></usr/share/texlive/texmf-dist/fonts/type1/public/am
sfonts/cm/cmr10.pfb></usr/share/texlive/texmf-dist/fonts/type1/public/amsfonts/
cm/cmr7.pfb></usr/share/texlive/texmf-dist/fonts/type1/public/amsfonts/cm/cmsy1
0.pfb></usr/share/texlive/texmf-dist/fonts/type1/public/amsfonts/cm/cmsy5.pfb><
/usr/share/texlive/texmf-dist/fonts/type1/public/amsfonts/cm/cmsy7.pfb></usr/sh
are/texlive/texmf-dist/fonts/type1/public/amsfonts/symbols/msbm10.pfb>
Output written on pso_rbf.pdf (23 pages, 570008 bytes).
PDF statistics:
 503 PDF objects out of 1000 (max. 8388607)
 123 compressed objects within 2 object streams
 0 named destinations out of 1000 (max. 500000)
 16 words of extra memory for PDF output out of 10000 (max. 10000000)

