This is pdfTeX, Version 3.141592653-2.6-1.40.25 (TeX Live 2023/Debian) (preloaded format=pdflatex 2023.11.16)  26 NOV 2023 13:32
entering extended mode
 restricted \write18 enabled.
 %&-line parsing enabled.
**integergenetic.tex
(./integergenetic.tex
LaTeX2e <2023-06-01> patch level 1
L3 programming layer <2023-08-29>
(/usr/share/texlive/texmf-dist/tex/latex/base/article.cls
Document Class: article 2023/05/17 v1.4n Standard LaTeX document class
(/usr/share/texlive/texmf-dist/tex/latex/base/size10.clo
File: size10.clo 2023/05/17 v1.4n Standard LaTeX file (size option)
)
\c@part=\count185
\c@section=\count186
\c@subsection=\count187
\c@subsubsection=\count188
\c@paragraph=\count189
\c@subparagraph=\count190
\c@figure=\count191
\c@table=\count192
\abovecaptionskip=\skip48
\belowcaptionskip=\skip49
\bibindent=\dimen140
)
(/usr/share/texlive/texmf-dist/tex/latex/base/fontenc.sty
Package: fontenc 2021/04/29 v2.0v Standard LaTeX package
)
(/usr/share/texlive/texmf-dist/tex/latex/base/inputenc.sty
Package: inputenc 2021/02/14 v1.3d Input encoding file
\inpenc@prehook=\toks17
\inpenc@posthook=\toks18

(/usr/share/texlive/texmf-dist/tex/latex/base/latin9.def
File: latin9.def 2021/02/14 v1.3d Input encoding file
))
(/usr/share/texlive/texmf-dist/tex/latex/base/textcomp.sty
Package: textcomp 2020/02/02 v2.0n Standard LaTeX package
)
(/usr/share/texlive/texmf-dist/tex/latex/url/url.sty
\Urlmuskip=\muskip16
Package: url 2013/09/16  ver 3.4  Verb mode for urls, etc.
)
(/usr/share/texlive/texmf-dist/tex/latex/amsmath/amsmath.sty
Package: amsmath 2023/05/13 v2.17o AMS math features
\@mathmargin=\skip50

For additional information on amsmath, use the `?' option.
(/usr/share/texlive/texmf-dist/tex/latex/amsmath/amstext.sty
Package: amstext 2021/08/26 v2.01 AMS text

(/usr/share/texlive/texmf-dist/tex/latex/amsmath/amsgen.sty
File: amsgen.sty 1999/11/30 v2.0 generic functions
\@emptytoks=\toks19
\ex@=\dimen141
))
(/usr/share/texlive/texmf-dist/tex/latex/amsmath/amsbsy.sty
Package: amsbsy 1999/11/29 v1.2d Bold Symbols
\pmbraise@=\dimen142
)
(/usr/share/texlive/texmf-dist/tex/latex/amsmath/amsopn.sty
Package: amsopn 2022/04/08 v2.04 operator names
)
\inf@bad=\count193
LaTeX Info: Redefining \frac on input line 234.
\uproot@=\count194
\leftroot@=\count195
LaTeX Info: Redefining \overline on input line 399.
LaTeX Info: Redefining \colon on input line 410.
\classnum@=\count196
\DOTSCASE@=\count197
LaTeX Info: Redefining \ldots on input line 496.
LaTeX Info: Redefining \dots on input line 499.
LaTeX Info: Redefining \cdots on input line 620.
\Mathstrutbox@=\box51
\strutbox@=\box52
LaTeX Info: Redefining \big on input line 722.
LaTeX Info: Redefining \Big on input line 723.
LaTeX Info: Redefining \bigg on input line 724.
LaTeX Info: Redefining \Bigg on input line 725.
\big@size=\dimen143
LaTeX Font Info:    Redeclaring font encoding OML on input line 743.
LaTeX Font Info:    Redeclaring font encoding OMS on input line 744.
\macc@depth=\count198
LaTeX Info: Redefining \bmod on input line 905.
LaTeX Info: Redefining \pmod on input line 910.
LaTeX Info: Redefining \smash on input line 940.
LaTeX Info: Redefining \relbar on input line 970.
LaTeX Info: Redefining \Relbar on input line 971.
\c@MaxMatrixCols=\count199
\dotsspace@=\muskip17
\c@parentequation=\count266
\dspbrk@lvl=\count267
\tag@help=\toks20
\row@=\count268
\column@=\count269
\maxfields@=\count270
\andhelp@=\toks21
\eqnshift@=\dimen144
\alignsep@=\dimen145
\tagshift@=\dimen146
\tagwidth@=\dimen147
\totwidth@=\dimen148
\lineht@=\dimen149
\@envbody=\toks22
\multlinegap=\skip51
\multlinetaggap=\skip52
\mathdisplay@stack=\toks23
LaTeX Info: Redefining \[ on input line 2953.
LaTeX Info: Redefining \] on input line 2954.
)
(/usr/share/texlive/texmf-dist/tex/latex/graphics/graphicx.sty
Package: graphicx 2021/09/16 v1.2d Enhanced LaTeX Graphics (DPC,SPQR)

(/usr/share/texlive/texmf-dist/tex/latex/graphics/keyval.sty
Package: keyval 2022/05/29 v1.15 key=value parser (DPC)
\KV@toks@=\toks24
)
(/usr/share/texlive/texmf-dist/tex/latex/graphics/graphics.sty
Package: graphics 2022/03/10 v1.4e Standard LaTeX Graphics (DPC,SPQR)

(/usr/share/texlive/texmf-dist/tex/latex/graphics/trig.sty
Package: trig 2021/08/11 v1.11 sin cos tan (DPC)
)
(/usr/share/texlive/texmf-dist/tex/latex/graphics-cfg/graphics.cfg
File: graphics.cfg 2016/06/04 v1.11 sample graphics configuration
)
Package graphics Info: Driver file: pdftex.def on input line 107.

(/usr/share/texlive/texmf-dist/tex/latex/graphics-def/pdftex.def
File: pdftex.def 2022/09/22 v1.2b Graphics/color driver for pdftex
))
\Gin@req@height=\dimen150
\Gin@req@width=\dimen151
)
(/usr/share/texlive/texmf-dist/tex/generic/babel/babel.sty
Package: babel 2023/09/29 v3.95 The Babel package
\babel@savecnt=\count271
\U@D=\dimen152
\l@unhyphenated=\language9

(/usr/share/texlive/texmf-dist/tex/generic/babel/txtbabel.def)
\bbl@readstream=\read2
\bbl@dirlevel=\count272

(/usr/share/texlive/texmf-dist/tex/generic/babel-english/english.ldf
Language: english 2017/06/06 v3.3r English support from the babel system
Package babel Info: Hyphen rules for 'british' set to \l@english
(babel)             (\language0). Reported on input line 82.
Package babel Info: Hyphen rules for 'UKenglish' set to \l@english
(babel)             (\language0). Reported on input line 83.
Package babel Info: Hyphen rules for 'canadian' set to \l@english
(babel)             (\language0). Reported on input line 102.
Package babel Info: Hyphen rules for 'australian' set to \l@english
(babel)             (\language0). Reported on input line 105.
Package babel Info: Hyphen rules for 'newzealand' set to \l@english
(babel)             (\language0). Reported on input line 108.
))
(/usr/share/texlive/texmf-dist/tex/generic/babel/locale/en/babel-english.tex
Package babel Info: Importing font and identification data for english
(babel)             from babel-en.ini. Reported on input line 11.
)
(/usr/share/texlive/texmf-dist/tex/latex/l3backend/l3backend-pdftex.def
File: l3backend-pdftex.def 2023-04-19 L3 backend support: PDF output (pdfTeX)
\l__color_backend_stack_int=\count273
\l__pdf_internal_box=\box53
)
(./integergenetic.aux)
\openout1 = `integergenetic.aux'.

LaTeX Font Info:    Checking defaults for OML/cmm/m/it on input line 20.
LaTeX Font Info:    ... okay on input line 20.
LaTeX Font Info:    Checking defaults for OMS/cmsy/m/n on input line 20.
LaTeX Font Info:    ... okay on input line 20.
LaTeX Font Info:    Checking defaults for OT1/cmr/m/n on input line 20.
LaTeX Font Info:    ... okay on input line 20.
LaTeX Font Info:    Checking defaults for T1/cmr/m/n on input line 20.
LaTeX Font Info:    ... okay on input line 20.
LaTeX Font Info:    Checking defaults for TS1/cmr/m/n on input line 20.
LaTeX Font Info:    ... okay on input line 20.
LaTeX Font Info:    Checking defaults for OMX/cmex/m/n on input line 20.
LaTeX Font Info:    ... okay on input line 20.
LaTeX Font Info:    Checking defaults for U/cmr/m/n on input line 20.
LaTeX Font Info:    ... okay on input line 20.

(/usr/share/texlive/texmf-dist/tex/context/base/mkii/supp-pdf.mkii
[Loading MPS to PDF converter (version 2006.09.02).]
\scratchcounter=\count274
\scratchdimen=\dimen153
\scratchbox=\box54
\nofMPsegments=\count275
\nofMParguments=\count276
\everyMPshowfont=\toks25
\MPscratchCnt=\count277
\MPscratchDim=\dimen154
\MPnumerator=\count278
\makeMPintoPDFobject=\count279
\everyMPtoPDFconversion=\toks26
) (/usr/share/texlive/texmf-dist/tex/latex/epstopdf-pkg/epstopdf-base.sty
Package: epstopdf-base 2020-01-24 v2.11 Base part for package epstopdf
Package epstopdf-base Info: Redefining graphics rule for `.eps' on input line 4
85.

(/usr/share/texlive/texmf-dist/tex/latex/latexconfig/epstopdf-sys.cfg
File: epstopdf-sys.cfg 2010/07/13 v1.3 Configuration of (r)epstopdf for TeX Liv
e
))
[1

{/var/lib/texmf/fonts/map/pdftex/updmap/pdftex.map}]

LaTeX Warning: Citation `weight_init1' on page 2 undefined on input line 81.


LaTeX Warning: Citation `weight_init2' on page 2 undefined on input line 82.


LaTeX Warning: Citation `weight_init3' on page 2 undefined on input line 83.


LaTeX Warning: Citation `weight_decay1' on page 2 undefined on input line 88.


LaTeX Warning: Citation `weight_decay2' on page 2 undefined on input line 88.


LaTeX Warning: Citation `weight_decay3' on page 2 undefined on input line 89.


LaTeX Warning: Citation `weight_de1' on page 2 undefined on input line 92.


LaTeX Warning: Citation `weight_de2' on page 2 undefined on input line 92.


LaTeX Warning: Citation `weight_aco' on page 2 undefined on input line 93.


LaTeX Warning: Citation `weight_nnc' on page 2 undefined on input line 95.


LaTeX Warning: Citation `weight_gpu1' on page 2 undefined on input line 97.


LaTeX Warning: Citation `weight_gpu2' on page 2 undefined on input line 97.

[2]

LaTeX Warning: Citation `rnn1' on page 3 undefined on input line 130.


LaTeX Warning: Citation `rnn2' on page 3 undefined on input line 130.

[3] [4] [5] [6] [7]

LaTeX Warning: Citation `weight_gpu2' on page 8 undefined on input line 401.

[8]
LaTeX Font Info:    Trying to load font information for T1+cmtt on input line 4
45.
 (/usr/share/texlive/texmf-dist/tex/latex/base/t1cmtt.fd
File: t1cmtt.fd 2023/04/13 v2.5m Standard LaTeX font definitions
) [9] [10]
Overfull \hbox (5.28171pt too wide) in paragraph at lines 539--544
\T1/cmr/m/n/10 URL: $\T1/cmtt/m/n/10 https : / / www . dcc . fc . up . pt / ~lt
orgo / Regression / DataSets . html$
 []


LaTeX Warning: Citation `Adam' on page 11 undefined on input line 561.

[11]

LaTeX Warning: Citation `fcn' on page 12 undefined on input line 566.


LaTeX Warning: Citation `neat' on page 12 undefined on input line 568.


Overfull \hbox (1.366pt too wide) in paragraph at lines 568--572
\T1/cmr/m/n/10 ple-mented in Evo-lu-tion-Net pack-age freely avail-able from $\
T1/cmtt/m/n/10 https : / / github .
 []


LaTeX Warning: Reference `fig:time' on page 12 undefined on input line 609.


LaTeX Warning: Reference `fig:dadam' on page 12 undefined on input line 632.

[12]

LaTeX Warning: Reference `tab:class_nt' on page 13 undefined on input line 639.



LaTeX Warning: Reference `tab:regression_nt' on page 13 undefined on input line
 640.


LaTeX Warning: Reference `tab:genetic_nt_class' on page 13 undefined on input l
ine 648.


LaTeX Warning: Reference `tab:genetic_nt_regression' on page 13 undefined on in
put line 649.


Overfull \hbox (82.98138pt too wide) in paragraph at lines 685--745
 [][] 
 []


Overfull \hbox (59.6073pt too wide) in paragraph at lines 751--791
 [][] 
 []

Package epstopdf Info: Source file: <time_comparison.eps>
(epstopdf)                    date: 2023-10-09 16:07:13
(epstopdf)                    size: 53361 bytes
(epstopdf)             Output file: <time_comparison-eps-converted-to.pdf>
(epstopdf)                    date: 2023-11-26 13:31:53
(epstopdf)                    size: 31021 bytes
(epstopdf)             Command: <repstopdf --outfile=time_comparison-eps-conver
ted-to.pdf time_comparison.eps>
(epstopdf)             \includegraphics on input line 797.
Package epstopdf Info: Output file is already uptodate.
<time_comparison-eps-converted-to.pdf, id=60, 455.7025pt x 255.95625pt>
File: time_comparison-eps-converted-to.pdf Graphic file (type pdf)
<use time_comparison-eps-converted-to.pdf>
Package pdftex.def Info: time_comparison-eps-converted-to.pdf  used on input li
ne 797.
(pdftex.def)             Requested size: 455.70137pt x 255.95561pt.

Overfull \hbox (110.70137pt too wide) in paragraph at lines 797--798
[][]  
 []

Package epstopdf Info: Source file: <dadam.eps>
(epstopdf)                    date: 2023-10-09 16:07:13
(epstopdf)                    size: 84447 bytes
(epstopdf)             Output file: <dadam-eps-converted-to.pdf>
(epstopdf)                    date: 2023-11-26 13:31:53
(epstopdf)                    size: 21391 bytes
(epstopdf)             Command: <repstopdf --outfile=dadam-eps-converted-to.pdf
 dadam.eps>
(epstopdf)             \includegraphics on input line 920.
Package epstopdf Info: Output file is already uptodate.
<dadam-eps-converted-to.pdf, id=61, 900.36375pt x 495.8525pt>
File: dadam-eps-converted-to.pdf Graphic file (type pdf)
<use dadam-eps-converted-to.pdf>
Package pdftex.def Info: dadam-eps-converted-to.pdf  used on input line 920.
(pdftex.def)             Requested size: 450.18077pt x 247.92564pt.

Overfull \hbox (105.18077pt too wide) in paragraph at lines 920--921
[][] 
 []

[13] [14] [15 <./time_comparison-eps-converted-to.pdf>] [16] [17 <./dadam-eps-c
onverted-to.pdf>] [18] [19] [20] [21]
Underfull \hbox (badness 1406) in paragraph at lines 1178--1182
[]\T1/cmr/m/n/10 Rinda Parama Satya Her-manto, Suhar-jito, Di-ana, Ari-adi Nu-g
roho,
 []

[22] [23] [24] [25] [26] [27] (./integergenetic.aux)
 ***********
LaTeX2e <2023-06-01> patch level 1
L3 programming layer <2023-08-29>
 ***********


LaTeX Warning: There were undefined references.


LaTeX Warning: Label(s) may have changed. Rerun to get cross-references right.

 ) 
Here is how much of TeX's memory you used:
 3681 strings out of 476812
 58138 string characters out of 5807285
 1996791 words of memory out of 5000000
 24946 multiletter control sequences out of 15000+600000
 576727 words of font info for 77 fonts, out of 8000000 for 9000
 59 hyphenation exceptions out of 8191
 57i,16n,65p,291b,426s stack positions out of 10000i,1000n,20000p,200000b,200000s
 </home/sheridan/.texlive2023/texmf-var/fonts/pk/ljfour/jknappen/ec/ecti1000.
600pk> </home/sheridan/.texlive2023/texmf-var/fonts/pk/ljfour/jknappen/ec/ectt1
000.600pk> </home/sheridan/.texlive2023/texmf-var/fonts/pk/ljfour/jknappen/ec/e
cbx1200.600pk> </home/sheridan/.texlive2023/texmf-var/fonts/pk/ljfour/jknappen/
ec/tcrm1000.600pk> </home/sheridan/.texlive2023/texmf-var/fonts/pk/ljfour/jknap
pen/ec/ecbx1000.600pk> </home/sheridan/.texlive2023/texmf-var/fonts/pk/ljfour/j
knappen/ec/ecrm1000.600pk> </home/sheridan/.texlive2023/texmf-var/fonts/pk/ljfo
ur/jknappen/ec/ecbx1440.600pk> </home/sheridan/.texlive2023/texmf-var/fonts/pk/
ljfour/jknappen/ec/ecrm0900.600pk> </home/sheridan/.texlive2023/texmf-var/fonts
/pk/ljfour/jknappen/ec/ecbx0900.600pk> </home/sheridan/.texlive2023/texmf-var/f
onts/pk/ljfour/jknappen/ec/ecrm1200.600pk> </home/sheridan/.texlive2023/texmf-v
ar/fonts/pk/ljfour/jknappen/ec/ecrm1728.600pk></usr/share/texlive/texmf-dist/fo
nts/type1/public/amsfonts/cm/cmex10.pfb></usr/share/texlive/texmf-dist/fonts/ty
pe1/public/amsfonts/cm/cmmi10.pfb></usr/share/texlive/texmf-dist/fonts/type1/pu
blic/amsfonts/cm/cmmi5.pfb></usr/share/texlive/texmf-dist/fonts/type1/public/am
sfonts/cm/cmmi7.pfb></usr/share/texlive/texmf-dist/fonts/type1/public/amsfonts/
cm/cmmib10.pfb></usr/share/texlive/texmf-dist/fonts/type1/public/amsfonts/cm/cm
r10.pfb></usr/share/texlive/texmf-dist/fonts/type1/public/amsfonts/cm/cmr7.pfb>
</usr/share/texlive/texmf-dist/fonts/type1/public/amsfonts/cm/cmsy10.pfb></usr/
share/texlive/texmf-dist/fonts/type1/public/amsfonts/cm/cmsy7.pfb>
Output written on integergenetic.pdf (27 pages, 314216 bytes).
PDF statistics:
 531 PDF objects out of 1000 (max. 8388607)
 135 compressed objects within 2 object streams
 0 named destinations out of 1000 (max. 500000)
 11 words of extra memory for PDF output out of 10000 (max. 10000000)

